r
Ó™◊È§û÷˜SpecFlow5*3
$67b8895b-1b81-4cf9-9b68-0aa630476a6fÔ™◊È–ì√r
∑´◊È‡îøóSpecFlow6*4
$d3c56d15-ca46-4d61-8e54-e9c153247e7e∑´◊È¿Ô‹·:B8
$d3c56d15-ca46-4d61-8e54-e9c153247e7eæ´◊È∏Ç”Êr
£¨◊È»À«…SpecFlow5*3
$9dfd0c71-415e-4deb-810d-ea562d6f3078§¨◊ÈàÚ,:B8
$9dfd0c71-415e-4deb-810d-ea562d6f3078§¨◊È¯≥Ûår
¬¨◊È»âõóSpecFlow6*4
$1453e9b5-7112-403c-a16d-20d5ab186bda¬¨◊È˚¡÷†Bù
$1453e9b5-7112-403c-a16d-20d5ab186bdaƒ¨◊È†˙¡Á‚No matching step definition found for one or more steps.
using System;
using TechTalk.SpecFlow;

namespace MyNamespace
{
    [Binding]
    public class StepDefinitions
    {
        [Given(@"Eu salvo o valor '(.*)' como '(.*)'")]
        public void GivenEuSalvoOValorComo(string p0, string user1)
        {
            ScenarioContext.Current.Pending();
        }
        
        [Given(@"Eu salvo o valor '(.*)' como '(.*)'")]
        public void GivenEuSalvoOValorComo(string p0, string senha1)
        {
            ScenarioContext.Current.Pending();
        }
        
        [Given(@"Eu salvo o valor '(.*)' como '(.*)'")]
        public void GivenEuSalvoOValorComo(string p0, string btSair1)
        {
            ScenarioContext.Current.Pending();
        }
        
        [Given(@"Eu salvo o valor '(.*)' como '(.*)'")]
        public void GivenEuSalvoOValorComo(string p0, string btLogin1)
        {
            ScenarioContext.Current.Pending();
        }
        
        [Given(@"Eu salvo o valor '(.*)' como '(.*)'")]
        public void GivenEuSalvoOValorComo(string p0, string menu1)
        {
            ScenarioContext.Current.Pending();
        }
        
        [Given(@"Eu salvo o valor '(.*)' como '(.*)'")]
        public void GivenEuSalvoOValorComo(string p0, string combo1)
        {
            ScenarioContext.Current.Pending();
        }
        
        [Given(@"Eu salvo o valor '(.*)' como '(.*)'")]
        public void GivenEuSalvoOValorComo(string p0, string status1)
        {
            ScenarioContext.Current.Pending();
        }
    }
}
5*3
$85f91ca1-7595-44c5-938c-ad802155e6c2ƒ¨◊Èò¯ºXÙBÒ
$85f91ca1-7595-44c5-938c-ad802155e6c2ƒ¨◊È§ôågª∂No matching step definition found for one or more steps.
using System;
using TechTalk.SpecFlow;

namespace MyNamespace
{
    [Binding]
    public class StepDefinitions
    {
        [Given(@"que acesso a pagina '(.*)'")]
        public void GivenQueAcessoAPagina(string p0)
        {
            ScenarioContext.Current.Pending();
        }
        
        [When(@"preencho o campo '(.*)' com o valor '(.*)'")]
        public void WhenPreenchoOCampoComOValor(string p0, string p1)
        {
            ScenarioContext.Current.Pending();
        }
        
        [When(@"preencho o campo '(.*)' com o valor '(.*)'")]
        public void WhenPreenchoOCampoComOValor(string p0, int p1)
        {
            ScenarioContext.Current.Pending();
        }
        
        [Then(@"clico em '(.*)'")]
        public void ThenClicoEm(string p0)
        {
            ScenarioContext.Current.Pending();
        }
    }
}
5*3
$f9df887b-12c2-4ccd-9a74-0bdaabb5c19eƒ¨◊Èê‘èoª
B∏

$f9df887b-12c2-4ccd-9a74-0bdaabb5c19eƒ¨◊È»çüÇÅ
¸	No matching step definition found for one or more steps.
using System;
using TechTalk.SpecFlow;

namespace MyNamespace
{
    [Binding]
    public class StepDefinitions
    {
        [Given(@"que acesso a pagina '(.*)'")]
        public void GivenQueAcessoAPagina(string p0)
        {
            ScenarioContext.Current.Pending();
        }
        
        [Given(@"preencho o campo '(.*)' com o valor '(.*)'")]
        public void GivenPreenchoOCampoComOValor(string p0, string p1)
        {
            ScenarioContext.Current.Pending();
        }
        
        [Given(@"preencho o campo '(.*)' com o valor '(.*)'")]
        public void GivenPreenchoOCampoComOValor(string p0, int p1)
        {
            ScenarioContext.Current.Pending();
        }
        
        [Given(@"clico em '(.*)'")]
        public void GivenClicoEm(string p0)
        {
            ScenarioContext.Current.Pending();
        }
        
        [When(@"clico em '(.*)'")]
        public void WhenClicoEm(string p0)
        {
            ScenarioContext.Current.Pending();
        }
        
        [Then(@"clico em '(.*)'")]
        public void ThenClicoEm(string p0)
        {
            ScenarioContext.Current.Pending();
        }
    }
}
r
Õ¨◊È–∫ê˚SpecFlow6*4
$b838d0b1-7bb4-4e20-b8c4-87386ac12fb4Õ¨◊ÈºÒ∂¿°Bû
$b838d0b1-7bb4-4e20-b8c4-87386ac12fb4Õ¨◊ÈƒâÜœÁ‚No matching step definition found for one or more steps.
using System;
using TechTalk.SpecFlow;

namespace MyNamespace
{
    [Binding]
    public class StepDefinitions
    {
        [Given(@"Eu salvo o valor '(.*)' como '(.*)'")]
        public void GivenEuSalvoOValorComo(string p0, string user1)
        {
            ScenarioContext.Current.Pending();
        }
        
        [Given(@"Eu salvo o valor '(.*)' como '(.*)'")]
        public void GivenEuSalvoOValorComo(string p0, string senha1)
        {
            ScenarioContext.Current.Pending();
        }
        
        [Given(@"Eu salvo o valor '(.*)' como '(.*)'")]
        public void GivenEuSalvoOValorComo(string p0, string btSair1)
        {
            ScenarioContext.Current.Pending();
        }
        
        [Given(@"Eu salvo o valor '(.*)' como '(.*)'")]
        public void GivenEuSalvoOValorComo(string p0, string btLogin1)
        {
            ScenarioContext.Current.Pending();
        }
        
        [Given(@"Eu salvo o valor '(.*)' como '(.*)'")]
        public void GivenEuSalvoOValorComo(string p0, string menu1)
        {
            ScenarioContext.Current.Pending();
        }
        
        [Given(@"Eu salvo o valor '(.*)' como '(.*)'")]
        public void GivenEuSalvoOValorComo(string p0, string combo1)
        {
            ScenarioContext.Current.Pending();
        }
        
        [Given(@"Eu salvo o valor '(.*)' como '(.*)'")]
        public void GivenEuSalvoOValorComo(string p0, string status1)
        {
            ScenarioContext.Current.Pending();
        }
    }
}
5*3
$ab57acf1-2f6b-4917-bf74-f52d01c1796cŒ¨◊È®Ú∫ÙBÒ
$ab57acf1-2f6b-4917-bf74-f52d01c1796cŒ¨◊Èåâæ'ª∂No matching step definition found for one or more steps.
using System;
using TechTalk.SpecFlow;

namespace MyNamespace
{
    [Binding]
    public class StepDefinitions
    {
        [Given(@"que acesso a pagina '(.*)'")]
        public void GivenQueAcessoAPagina(string p0)
        {
            ScenarioContext.Current.Pending();
        }
        
        [When(@"preencho o campo '(.*)' com o valor '(.*)'")]
        public void WhenPreenchoOCampoComOValor(string p0, string p1)
        {
            ScenarioContext.Current.Pending();
        }
        
        [When(@"preencho o campo '(.*)' com o valor '(.*)'")]
        public void WhenPreenchoOCampoComOValor(string p0, int p1)
        {
            ScenarioContext.Current.Pending();
        }
        
        [Then(@"clico em '(.*)'")]
        public void ThenClicoEm(string p0)
        {
            ScenarioContext.Current.Pending();
        }
    }
}
5*3
$75583cdb-08b6-464a-b6f3-6d6e6b90aa6eŒ¨◊ÈËéí.∫
B∑

$75583cdb-08b6-464a-b6f3-6d6e6b90aa6eŒ¨◊È‹îÔ>Å
¸	No matching step definition found for one or more steps.
using System;
using TechTalk.SpecFlow;

namespace MyNamespace
{
    [Binding]
    public class StepDefinitions
    {
        [Given(@"que acesso a pagina '(.*)'")]
        public void GivenQueAcessoAPagina(string p0)
        {
            ScenarioContext.Current.Pending();
        }
        
        [Given(@"preencho o campo '(.*)' com o valor '(.*)'")]
        public void GivenPreenchoOCampoComOValor(string p0, string p1)
        {
            ScenarioContext.Current.Pending();
        }
        
        [Given(@"preencho o campo '(.*)' com o valor '(.*)'")]
        public void GivenPreenchoOCampoComOValor(string p0, int p1)
        {
            ScenarioContext.Current.Pending();
        }
        
        [Given(@"clico em '(.*)'")]
        public void GivenClicoEm(string p0)
        {
            ScenarioContext.Current.Pending();
        }
        
        [When(@"clico em '(.*)'")]
        public void WhenClicoEm(string p0)
        {
            ScenarioContext.Current.Pending();
        }
        
        [Then(@"clico em '(.*)'")]
        public void ThenClicoEm(string p0)
        {
            ScenarioContext.Current.Pending();
        }
    }
}
r
·¨◊È‡ÎÀhSpecFlow6*4
$784a77b8-dadc-42fd-b89d-0cba91fa0858·¨◊È‰±ì¶9B7
$784a77b8-dadc-42fd-b89d-0cba91fa0858Â¨◊È‡¬˛6*4
$a788ce2d-a367-44f4-b404-75f14f10d9d1Â¨◊È–€øü‚Bﬂ
$a788ce2d-a367-44f4-b404-75f14f10d9d1Ó¨◊È∫˘ñ®£System.IO.DirectoryNotFoundException: Could not find a part of the path 'C:\Users\wncg\source\repos\FrameWork\FrameWork\Util\Screenshot\220720191229501834_Login.png'.
   at System.IO.FileStream.ValidateFileHandle(SafeFileHandle fileHandle)
   at System.IO.FileStream.CreateFileOpenHandle(FileMode mode, FileShare share, FileOptions options)
   at System.IO.FileStream..ctor(String path, FileMode mode, FileAccess access, FileShare share, Int32 bufferSize, FileOptions options)
   at OpenQA.Selenium.Screenshot.SaveAsFile(String fileName, ScreenshotImageFormat format)
   at FrameWork.Steps.WebSteps.CalculoDoValorDoIRSteps._Screenshot(String p0) in C:\Users\wncg\source\Specflow\FrameWork_Core\FrameWork\Steps\WebSteps\WebSteps.cs:line 123
   at FrameWork.Steps.WebSteps.CalculoDoValorDoIRSteps.DadoQueEuAcessoAPagina(String p0) in C:\Users\wncg\source\Specflow\FrameWork_Core\FrameWork\Steps\WebSteps\WebSteps.cs:line 40
   at TechTalk.SpecFlow.Bindings.BindingInvoker.InvokeBinding(IBinding binding, IContextManager contextManager, Object[] arguments, ITestTracer testTracer, TimeSpan& duration) in D:\a\1\s\TechTalk.SpecFlow\Bindings\BindingInvoker.cs:line 69
   at TechTalk.SpecFlow.Infrastructure.TestExecutionEngine.ExecuteStepMatch(BindingMatch match, Object[] arguments) in D:\a\1\s\TechTalk.SpecFlow\Infrastructure\TestExecutionEngine.cs:line 421
   at TechTalk.SpecFlow.Infrastructure.TestExecutionEngine.ExecuteStep(IContextManager contextManager, StepInstance stepInstance) in D:\a\1\s\TechTalk.SpecFlow\Infrastructure\TestExecutionEngine.cs:line 3426*4
$cc85dad6-b07a-4a3a-83ab-f06281ada973Ó¨◊È¸ã∑⁄‚Bﬂ
$cc85dad6-b07a-4a3a-83ab-f06281ada973˜¨◊ÈÄ≥ø∏®£System.IO.DirectoryNotFoundException: Could not find a part of the path 'C:\Users\wncg\source\repos\FrameWork\FrameWork\Util\Screenshot\220720191229599218_Login.png'.
   at System.IO.FileStream.ValidateFileHandle(SafeFileHandle fileHandle)
   at System.IO.FileStream.CreateFileOpenHandle(FileMode mode, FileShare share, FileOptions options)
   at System.IO.FileStream..ctor(String path, FileMode mode, FileAccess access, FileShare share, Int32 bufferSize, FileOptions options)
   at OpenQA.Selenium.Screenshot.SaveAsFile(String fileName, ScreenshotImageFormat format)
   at FrameWork.Steps.WebSteps.CalculoDoValorDoIRSteps._Screenshot(String p0) in C:\Users\wncg\source\Specflow\FrameWork_Core\FrameWork\Steps\WebSteps\WebSteps.cs:line 123
   at FrameWork.Steps.WebSteps.CalculoDoValorDoIRSteps.DadoQueEuAcessoAPagina(String p0) in C:\Users\wncg\source\Specflow\FrameWork_Core\FrameWork\Steps\WebSteps\WebSteps.cs:line 40
   at TechTalk.SpecFlow.Bindings.BindingInvoker.InvokeBinding(IBinding binding, IContextManager contextManager, Object[] arguments, ITestTracer testTracer, TimeSpan& duration) in D:\a\1\s\TechTalk.SpecFlow\Bindings\BindingInvoker.cs:line 69
   at TechTalk.SpecFlow.Infrastructure.TestExecutionEngine.ExecuteStepMatch(BindingMatch match, Object[] arguments) in D:\a\1\s\TechTalk.SpecFlow\Infrastructure\TestExecutionEngine.cs:line 421
   at TechTalk.SpecFlow.Infrastructure.TestExecutionEngine.ExecuteStep(IContextManager contextManager, StepInstance stepInstance) in D:\a\1\s\TechTalk.SpecFlow\Infrastructure\TestExecutionEngine.cs:line 342r
ÈŒ◊ÈÙã‹JSpecFlow6*4
$751e8f6e-da71-44f3-9deb-38827a6b001cÈŒ◊È¥∂„á:B8
$751e8f6e-da71-44f3-9deb-38827a6b001cÌŒ◊È¯ ì»6*4
$e1dc2b8e-b5b6-4f71-bf07-cbd77b02338dÓŒ◊Èÿ¯Ù˚‚Bﬂ
$e1dc2b8e-b5b6-4f71-bf07-cbd77b02338d˘Œ◊Èº¯±Ë®£System.IO.DirectoryNotFoundException: Could not find a part of the path 'C:\Users\wncg\source\repos\FrameWork\FrameWork\Util\Screenshot\220720191342334256_Login.png'.
   at System.IO.FileStream.ValidateFileHandle(SafeFileHandle fileHandle)
   at System.IO.FileStream.CreateFileOpenHandle(FileMode mode, FileShare share, FileOptions options)
   at System.IO.FileStream..ctor(String path, FileMode mode, FileAccess access, FileShare share, Int32 bufferSize, FileOptions options)
   at OpenQA.Selenium.Screenshot.SaveAsFile(String fileName, ScreenshotImageFormat format)
   at FrameWork.Steps.WebSteps.CalculoDoValorDoIRSteps._Screenshot(String p0) in C:\Users\wncg\source\Specflow\FrameWork_Core\FrameWork\Steps\WebSteps\WebSteps.cs:line 123
   at FrameWork.Steps.WebSteps.CalculoDoValorDoIRSteps.DadoQueEuAcessoAPagina(String p0) in C:\Users\wncg\source\Specflow\FrameWork_Core\FrameWork\Steps\WebSteps\WebSteps.cs:line 40
   at TechTalk.SpecFlow.Bindings.BindingInvoker.InvokeBinding(IBinding binding, IContextManager contextManager, Object[] arguments, ITestTracer testTracer, TimeSpan& duration) in D:\a\1\s\TechTalk.SpecFlow\Bindings\BindingInvoker.cs:line 69
   at TechTalk.SpecFlow.Infrastructure.TestExecutionEngine.ExecuteStepMatch(BindingMatch match, Object[] arguments) in D:\a\1\s\TechTalk.SpecFlow\Infrastructure\TestExecutionEngine.cs:line 421
   at TechTalk.SpecFlow.Infrastructure.TestExecutionEngine.ExecuteStep(IContextManager contextManager, StepInstance stepInstance) in D:\a\1\s\TechTalk.SpecFlow\Infrastructure\TestExecutionEngine.cs:line 342r
‰œ◊Èƒ·…§SpecFlow6*4
$86695f76-29c6-4015-a65f-35a3de8e36b8‰œ◊ÈÑ¨â‚9B7
$86695f76-29c6-4015-a65f-35a3de8e36b8Èœ◊Èê¨˝e6*4
$21a8717d-1244-4634-be35-0e2d9837fc6aÈœ◊È‡˝˙¨‚Bﬂ
$21a8717d-1244-4634-be35-0e2d9837fc6aÒœ◊È¨©ñÆ®£System.IO.DirectoryNotFoundException: Could not find a part of the path 'C:\Users\wncg\source\repos\FrameWork\FrameWork\Util\Screenshot\220720191344337944_Login.png'.
   at System.IO.FileStream.ValidateFileHandle(SafeFileHandle fileHandle)
   at System.IO.FileStream.CreateFileOpenHandle(FileMode mode, FileShare share, FileOptions options)
   at System.IO.FileStream..ctor(String path, FileMode mode, FileAccess access, FileShare share, Int32 bufferSize, FileOptions options)
   at OpenQA.Selenium.Screenshot.SaveAsFile(String fileName, ScreenshotImageFormat format)
   at FrameWork.Steps.WebSteps.CalculoDoValorDoIRSteps._Screenshot(String p0) in C:\Users\wncg\source\Specflow\FrameWork_Core\FrameWork\Steps\WebSteps\WebSteps.cs:line 123
   at FrameWork.Steps.WebSteps.CalculoDoValorDoIRSteps.DadoQueEuAcessoAPagina(String p0) in C:\Users\wncg\source\Specflow\FrameWork_Core\FrameWork\Steps\WebSteps\WebSteps.cs:line 40
   at TechTalk.SpecFlow.Bindings.BindingInvoker.InvokeBinding(IBinding binding, IContextManager contextManager, Object[] arguments, ITestTracer testTracer, TimeSpan& duration) in D:\a\1\s\TechTalk.SpecFlow\Bindings\BindingInvoker.cs:line 69
   at TechTalk.SpecFlow.Infrastructure.TestExecutionEngine.ExecuteStepMatch(BindingMatch match, Object[] arguments) in D:\a\1\s\TechTalk.SpecFlow\Infrastructure\TestExecutionEngine.cs:line 421
   at TechTalk.SpecFlow.Infrastructure.TestExecutionEngine.ExecuteStep(IContextManager contextManager, StepInstance stepInstance) in D:\a\1\s\TechTalk.SpecFlow\Infrastructure\TestExecutionEngine.cs:line 342r
åÿ◊È¸≤…SpecFlow5*3
$a1a4c13a-87d3-4608-bafe-b3d62cd940e4åÿ◊ÈÔY:B8
$a1a4c13a-87d3-4608-bafe-b3d62cd940e4éÿ◊È‹Ùª´6*4
$7777d259-1eb4-4aee-8803-9b8df6afb36aèÿ◊È®¡±ür
†Ÿ◊È‹≤ªLSpecFlow6*4
$f42c11b6-058d-4a8f-aaea-9bc48e8dc9e1†Ÿ◊È»»Ôê:B8
$f42c11b6-058d-4a8f-aaea-9bc48e8dc9e1¢Ÿ◊È∏è•¥6*4
$8b3949ea-f5de-4854-b3a9-8b6cedcfb083£Ÿ◊Èî“Ô±r
‰Ÿ◊ÈÄáœÄSpecFlow6*4
$74eaaa3c-1b63-4722-b030-ac12a02504c2‰Ÿ◊Èƒ≈›º9B7
$74eaaa3c-1b63-4722-b030-ac12a02504c2ÁŸ◊ÈÃÄòh6*4
$9bfbe314-737e-4c8e-800f-e8799925980aÁŸ◊È¨◊øûr
ÃãÿÈ∞Ø»ÒSpecFlow6*4
$58157d1a-d169-4c8f-a654-9bcf46d7f664ÃãÿÈ¸í∏≤9B7
$58157d1a-d169-4c8f-a654-9bcf46d7f664—ãÿÈ∞∫ËG5*3
$499d4687-bd23-4033-b546-162bc74169bc“ãÿÈÄï˛r
´çÿÈ‘ÎºåSpecFlow6*4
$76c89afa-ef6b-4cc1-9b85-b8de5bc0f9f8´çÿÈ¯˜ÿÀ5*3
$c3798d0e-6ae9-420b-99b1-0c8378de7211ØçÿÈË¶´<r
ÔçÿÈ¿îŸdSpecFlow6*4
$56e5ec9d-5d2c-46d8-ad84-8688e430556bÔçÿÈ¸¢¢—6*4
$5624c5f7-e81d-4f91-85b2-a6934fefab87ÛçÿÈ¸ﬂøür
êëÿÈåàº%SpecFlow5*3
$3deb14d1-adfc-4af3-97fc-fa2a7bd15271êëÿÈ¿ì}9B7
$3deb14d1-adfc-4af3-97fc-fa2a7bd15271îëÿÈ∏∞ñe6*4
$a62c7688-0139-4783-8e08-3a966b9e1aadîëÿÈËÄ˘“r
ñíÿÈ¥òúÌSpecFlow6*4
$448abbe7-d1d2-4ef2-adc5-ed1b0b63f2c1ñíÿÈ§è·™r
„îÿÈ‹èíqSpecFlow6*4
$3e115eb8-2990-41ff-84e2-a532267b203d„îÿÈ¥·á¨:B8
$3e115eb8-2990-41ff-84e2-a532267b203dÂîÿÈ∏ÃÛ»6*4
$bea7c9df-2b11-49cd-b188-61bbad174c24ÊîÿÈå™ƒ·r
ÌùÿÈÿ∂‰dSpecFlow6*4
$33a4cf9a-1030-4e91-a88a-eec3e47a558eÌùÿÈ¨„ãÊ:B8
$33a4cf9a-1030-4e91-a88a-eec3e47a558eùÿÈ‹ÈÔÙ6*4
$ab1f3d38-2f04-4244-a6e4-f18ac3dcfb03ÒùÿÈÄﬂÔ“Bœ
$ab1f3d38-2f04-4244-a6e4-f18ac3dcfb03˘ùÿÈòÍﬂ÷òìSystem.IO.DirectoryNotFoundException: Could not find a part of the path 'C:\Users\wncg\source\Specflow\FrameWork_Core\FrameWork\Util\Screenshot\'.
   at System.IO.FileStream.ValidateFileHandle(SafeFileHandle fileHandle)
   at System.IO.FileStream.CreateFileOpenHandle(FileMode mode, FileShare share, FileOptions options)
   at System.IO.FileStream..ctor(String path, FileMode mode, FileAccess access, FileShare share, Int32 bufferSize, FileOptions options)
   at OpenQA.Selenium.Screenshot.SaveAsFile(String fileName, ScreenshotImageFormat format)
   at FrameWork.Common.Hooks.GetScreenShot.Capture(IWebDriver driver, String screenShotName) in C:\Users\wncg\source\Specflow\FrameWork_Core\FrameWork\Common\Hooks.cs:line 139
   at FrameWork.Steps.WebSteps.CalculoDoValorDoIRSteps.DadoQueEuAcessoAPagina(String p0) in C:\Users\wncg\source\Specflow\FrameWork_Core\FrameWork\Steps\WebSteps\WebSteps.cs:line 41
   at TechTalk.SpecFlow.Bindings.BindingInvoker.InvokeBinding(IBinding binding, IContextManager contextManager, Object[] arguments, ITestTracer testTracer, TimeSpan& duration) in D:\a\1\s\TechTalk.SpecFlow\Bindings\BindingInvoker.cs:line 69
   at TechTalk.SpecFlow.Infrastructure.TestExecutionEngine.ExecuteStepMatch(BindingMatch match, Object[] arguments) in D:\a\1\s\TechTalk.SpecFlow\Infrastructure\TestExecutionEngine.cs:line 421
   at TechTalk.SpecFlow.Infrastructure.TestExecutionEngine.ExecuteStep(IContextManager contextManager, StepInstance stepInstance) in D:\a\1\s\TechTalk.SpecFlow\Infrastructure\TestExecutionEngine.cs:line 342r
∫üÿÈ¸ö˛ÂSpecFlow6*4
$649fdbb8-3f9f-44eb-91d8-665d49fe6bab∫üÿÈ–á–´:B8
$649fdbb8-3f9f-44eb-91d8-665d49fe6babΩüÿÈúØÉí6*4
$d6b8eba7-f737-49b7-a76e-2cd2034bc59aæüÿÈÑ◊·ñÊB„
$d6b8eba7-f737-49b7-a76e-2cd2034bc59a∆üÿÈº´—ø¨ßSystem.IO.DirectoryNotFoundException: Could not find a part of the path 'C:\Users\wncg\source\Specflow\FrameWork_Core\FrameWork\ErrorScreenshots\Primeiro acesso.png'.
   at System.IO.FileStream.ValidateFileHandle(SafeFileHandle fileHandle)
   at System.IO.FileStream.CreateFileOpenHandle(FileMode mode, FileShare share, FileOptions options)
   at System.IO.FileStream..ctor(String path, FileMode mode, FileAccess access, FileShare share, Int32 bufferSize, FileOptions options)
   at OpenQA.Selenium.Screenshot.SaveAsFile(String fileName, ScreenshotImageFormat format)
   at FrameWork.Common.Hooks.GetScreenShot.Capture(IWebDriver driver, String screenShotName) in C:\Users\wncg\source\Specflow\FrameWork_Core\FrameWork\Common\Hooks.cs:line 139
   at FrameWork.Steps.WebSteps.CalculoDoValorDoIRSteps.DadoQueEuAcessoAPagina(String p0) in C:\Users\wncg\source\Specflow\FrameWork_Core\FrameWork\Steps\WebSteps\WebSteps.cs:line 41
   at TechTalk.SpecFlow.Bindings.BindingInvoker.InvokeBinding(IBinding binding, IContextManager contextManager, Object[] arguments, ITestTracer testTracer, TimeSpan& duration) in D:\a\1\s\TechTalk.SpecFlow\Bindings\BindingInvoker.cs:line 69
   at TechTalk.SpecFlow.Infrastructure.TestExecutionEngine.ExecuteStepMatch(BindingMatch match, Object[] arguments) in D:\a\1\s\TechTalk.SpecFlow\Infrastructure\TestExecutionEngine.cs:line 421
   at TechTalk.SpecFlow.Infrastructure.TestExecutionEngine.ExecuteStep(IContextManager contextManager, StepInstance stepInstance) in D:\a\1\s\TechTalk.SpecFlow\Infrastructure\TestExecutionEngine.cs:line 342r
˘üÿÈÿÁ∏pSpecFlow6*4
$fd3ecbd1-0816-456e-835d-032607e33166˘üÿÈËø¡∫:B8
$fd3ecbd1-0816-456e-835d-032607e33166˚üÿÈêïªÚ6*4
$3d232b84-b5cc-46d1-9960-a214314e6d20¸üÿÈÏï ÒÊB„
$3d232b84-b5cc-46d1-9960-a214314e6d20É†ÿÈ¿î…¬¨ßSystem.IO.DirectoryNotFoundException: Could not find a part of the path 'C:\Users\wncg\source\Specflow\FrameWork_Core\FrameWork\ErrorScreenshots\Primeiro_acesso.png'.
   at System.IO.FileStream.ValidateFileHandle(SafeFileHandle fileHandle)
   at System.IO.FileStream.CreateFileOpenHandle(FileMode mode, FileShare share, FileOptions options)
   at System.IO.FileStream..ctor(String path, FileMode mode, FileAccess access, FileShare share, Int32 bufferSize, FileOptions options)
   at OpenQA.Selenium.Screenshot.SaveAsFile(String fileName, ScreenshotImageFormat format)
   at FrameWork.Common.Hooks.GetScreenShot.Capture(IWebDriver driver, String screenShotName) in C:\Users\wncg\source\Specflow\FrameWork_Core\FrameWork\Common\Hooks.cs:line 139
   at FrameWork.Steps.WebSteps.CalculoDoValorDoIRSteps.DadoQueEuAcessoAPagina(String p0) in C:\Users\wncg\source\Specflow\FrameWork_Core\FrameWork\Steps\WebSteps\WebSteps.cs:line 41
   at TechTalk.SpecFlow.Bindings.BindingInvoker.InvokeBinding(IBinding binding, IContextManager contextManager, Object[] arguments, ITestTracer testTracer, TimeSpan& duration) in D:\a\1\s\TechTalk.SpecFlow\Bindings\BindingInvoker.cs:line 69
   at TechTalk.SpecFlow.Infrastructure.TestExecutionEngine.ExecuteStepMatch(BindingMatch match, Object[] arguments) in D:\a\1\s\TechTalk.SpecFlow\Infrastructure\TestExecutionEngine.cs:line 421
   at TechTalk.SpecFlow.Infrastructure.TestExecutionEngine.ExecuteStep(IContextManager contextManager, StepInstance stepInstance) in D:\a\1\s\TechTalk.SpecFlow\Infrastructure\TestExecutionEngine.cs:line 342r
·°ÿÈ∞ìäüSpecFlow5*3
$63bd2633-d9ad-40f3-9bcd-d1e748626092‚°ÿÈ††í:B8
$63bd2633-d9ad-40f3-9bcd-d1e748626092‰°ÿÈ≠·¢6*4
$cab6b264-c6e4-4164-a6e8-84271f6eda07Â°ÿÈ‘÷≤Ã¶
B£

$cab6b264-c6e4-4164-a6e8-84271f6eda07Ô°ÿÈÊﬂîÏ	Á	NUnit.Framework.AssertionException:   Expected string length 9 but was 5. Strings differ at index 0.
  Expected: "Conclus√£o"
  But was:  "{msg}"
  -----------^

   at NUnit.Framework.Assert.ReportFailure(String message) in D:\a\1\s\src\NUnitFramework\framework\Assert.cs:line 394
   at NUnit.Framework.Assert.AreEqual(Object expected, Object actual) in D:\a\1\s\src\NUnitFramework\framework\Assert.Equality.cs:line 129
   at FrameWork.Steps.ApiSteps.TesteAPISteps.ThenComparoSeESaoIguais(String p0, String p1) in C:\Users\wncg\source\Specflow\FrameWork_Core\FrameWork\Steps\ApiSteps\ApiSteps.cs:line 379
   at TechTalk.SpecFlow.Bindings.BindingInvoker.InvokeBinding(IBinding binding, IContextManager contextManager, Object[] arguments, ITestTracer testTracer, TimeSpan& duration) in D:\a\1\s\TechTalk.SpecFlow\Bindings\BindingInvoker.cs:line 69
   at TechTalk.SpecFlow.Infrastructure.TestExecutionEngine.ExecuteStepMatch(BindingMatch match, Object[] arguments) in D:\a\1\s\TechTalk.SpecFlow\Infrastructure\TestExecutionEngine.cs:line 421
   at TechTalk.SpecFlow.Infrastructure.TestExecutionEngine.ExecuteStep(IContextManager contextManager, StepInstance stepInstance) in D:\a\1\s\TechTalk.SpecFlow\Infrastructure\TestExecutionEngine.cs:line 342r
¬¶ÿÈ∏˝Ó±SpecFlow6*4
$703ab9f9-5457-437a-ab2f-0ebb4196ee05¬¶ÿÈ§∂ï¶:B8
$703ab9f9-5457-437a-ab2f-0ebb4196ee05ƒ¶ÿÈÙ”î∏6*4
$33007001-9ed3-4733-b570-26a11c17eba4≈¶ÿÈ¥≥¶Ï¶
B£

$33007001-9ed3-4733-b570-26a11c17eba4Œ¶ÿÈ∏É¸êÏ	Á	NUnit.Framework.AssertionException:   Expected string length 9 but was 5. Strings differ at index 0.
  Expected: "Conclus√£o"
  But was:  "{msg}"
  -----------^

   at NUnit.Framework.Assert.ReportFailure(String message) in D:\a\1\s\src\NUnitFramework\framework\Assert.cs:line 394
   at NUnit.Framework.Assert.AreEqual(Object expected, Object actual) in D:\a\1\s\src\NUnitFramework\framework\Assert.Equality.cs:line 129
   at FrameWork.Steps.ApiSteps.TesteAPISteps.ThenComparoSeESaoIguais(String p0, String p1) in C:\Users\wncg\source\Specflow\FrameWork_Core\FrameWork\Steps\ApiSteps\ApiSteps.cs:line 379
   at TechTalk.SpecFlow.Bindings.BindingInvoker.InvokeBinding(IBinding binding, IContextManager contextManager, Object[] arguments, ITestTracer testTracer, TimeSpan& duration) in D:\a\1\s\TechTalk.SpecFlow\Bindings\BindingInvoker.cs:line 69
   at TechTalk.SpecFlow.Infrastructure.TestExecutionEngine.ExecuteStepMatch(BindingMatch match, Object[] arguments) in D:\a\1\s\TechTalk.SpecFlow\Infrastructure\TestExecutionEngine.cs:line 421
   at TechTalk.SpecFlow.Infrastructure.TestExecutionEngine.ExecuteStep(IContextManager contextManager, StepInstance stepInstance) in D:\a\1\s\TechTalk.SpecFlow\Infrastructure\TestExecutionEngine.cs:line 342r
ÿî„ÈàÃ¶àSpecFlow6*4
$c643f635-a41f-49b5-8486-a93c535d377cÿî„ÈÄ˛¨Îr
˝ö„È¸›ù]SpecFlow6*4
$597a13a9-a79f-4ee2-934b-9729900a95b8˝ö„È¯óÎƒr
ªÀÊÈ»≤ŒXSpecFlow6*4
$c70dce7e-70c7-42ae-9059-ee44cbd1a22aªÀÊÈ∞”àô¬Bø
$c70dce7e-70c7-42ae-9059-ee44cbd1a22aΩÀÊÈàêØ¿àÉSystem.NullReferenceException: Object reference not set to an instance of an object.
   at FrameWork.Steps.ApiSteps.TesteAPISteps.DadoQueEuUseABaseURL(String p0) in C:\Users\wncg\source\Specflow\FrameWork_Core\FrameWork\Steps\ApiSteps\ApiSteps.cs:line 47
   at TechTalk.SpecFlow.Bindings.BindingInvoker.InvokeBinding(IBinding binding, IContextManager contextManager, Object[] arguments, ITestTracer testTracer, TimeSpan& duration) in D:\a\1\s\TechTalk.SpecFlow\Bindings\BindingInvoker.cs:line 69
   at TechTalk.SpecFlow.Infrastructure.TestExecutionEngine.ExecuteStepMatch(BindingMatch match, Object[] arguments) in D:\a\1\s\TechTalk.SpecFlow\Infrastructure\TestExecutionEngine.cs:line 421
   at TechTalk.SpecFlow.Infrastructure.TestExecutionEngine.ExecuteStep(IContextManager contextManager, StepInstance stepInstance) in D:\a\1\s\TechTalk.SpecFlow\Infrastructure\TestExecutionEngine.cs:line 342r
¿ÕÊÈ¯°£∑SpecFlow6*4
$5ec2648b-5e50-4344-b97a-d446ff35ac14¿ÕÊÈ¸äèÛ¡Bæ
$5ec2648b-5e50-4344-b97a-d446ff35ac14√ÕÊÈƒªÆàÉSystem.NullReferenceException: Object reference not set to an instance of an object.
   at FrameWork.Steps.ApiSteps.TesteAPISteps.DadoQueEuUseABaseURL(String p0) in C:\Users\wncg\source\Specflow\FrameWork_Core\FrameWork\Steps\ApiSteps\ApiSteps.cs:line 47
   at TechTalk.SpecFlow.Bindings.BindingInvoker.InvokeBinding(IBinding binding, IContextManager contextManager, Object[] arguments, ITestTracer testTracer, TimeSpan& duration) in D:\a\1\s\TechTalk.SpecFlow\Bindings\BindingInvoker.cs:line 69
   at TechTalk.SpecFlow.Infrastructure.TestExecutionEngine.ExecuteStepMatch(BindingMatch match, Object[] arguments) in D:\a\1\s\TechTalk.SpecFlow\Infrastructure\TestExecutionEngine.cs:line 421
   at TechTalk.SpecFlow.Infrastructure.TestExecutionEngine.ExecuteStep(IContextManager contextManager, StepInstance stepInstance) in D:\a\1\s\TechTalk.SpecFlow\Infrastructure\TestExecutionEngine.cs:line 342r
»ŒÊÈ–êÈóSpecFlow6*4
$20aef08b-5e28-44e2-a672-59124ae1a99f»ŒÊÈ®Ã§˛¬Bø
$20aef08b-5e28-44e2-a672-59124ae1a99f ŒÊÈúÚ ÂàÉSystem.NullReferenceException: Object reference not set to an instance of an object.
   at FrameWork.Steps.ApiSteps.TesteAPISteps.DadoQueEuUseABaseURL(String p0) in C:\Users\wncg\source\Specflow\FrameWork_Core\FrameWork\Steps\ApiSteps\ApiSteps.cs:line 47
   at TechTalk.SpecFlow.Bindings.BindingInvoker.InvokeBinding(IBinding binding, IContextManager contextManager, Object[] arguments, ITestTracer testTracer, TimeSpan& duration) in D:\a\1\s\TechTalk.SpecFlow\Bindings\BindingInvoker.cs:line 69
   at TechTalk.SpecFlow.Infrastructure.TestExecutionEngine.ExecuteStepMatch(BindingMatch match, Object[] arguments) in D:\a\1\s\TechTalk.SpecFlow\Infrastructure\TestExecutionEngine.cs:line 421
   at TechTalk.SpecFlow.Infrastructure.TestExecutionEngine.ExecuteStep(IContextManager contextManager, StepInstance stepInstance) in D:\a\1\s\TechTalk.SpecFlow\Infrastructure\TestExecutionEngine.cs:line 342r
“÷ÏÈ–È≤ÌSpecFlow6*4
$051546fc-b74b-4fa2-9285-977dfdee95bb”÷ÏÈÏ˘©Õ¡Bæ
$051546fc-b74b-4fa2-9285-977dfdee95bb◊÷ÏÈÃß≠~àÉSystem.NullReferenceException: Object reference not set to an instance of an object.
   at FrameWork.Steps.ApiSteps.TesteAPISteps.DadoQueEuUseABaseURL(String p0) in C:\Users\wncg\source\Specflow\FrameWork_Core\FrameWork\Steps\ApiSteps\ApiSteps.cs:line 47
   at TechTalk.SpecFlow.Bindings.BindingInvoker.InvokeBinding(IBinding binding, IContextManager contextManager, Object[] arguments, ITestTracer testTracer, TimeSpan& duration) in D:\a\1\s\TechTalk.SpecFlow\Bindings\BindingInvoker.cs:line 69
   at TechTalk.SpecFlow.Infrastructure.TestExecutionEngine.ExecuteStepMatch(BindingMatch match, Object[] arguments) in D:\a\1\s\TechTalk.SpecFlow\Infrastructure\TestExecutionEngine.cs:line 421
   at TechTalk.SpecFlow.Infrastructure.TestExecutionEngine.ExecuteStep(IContextManager contextManager, StepInstance stepInstance) in D:\a\1\s\TechTalk.SpecFlow\Infrastructure\TestExecutionEngine.cs:line 342r
¨ŸÏÈ¥ÆÓUSpecFlow6*4
$7147db00-d22d-4535-a843-1e2ac54da0f4¨ŸÏÈ§ö¬í¬Bø
$7147db00-d22d-4535-a843-1e2ac54da0f4ÆŸÏÈ¥†«ÙàÉSystem.NullReferenceException: Object reference not set to an instance of an object.
   at FrameWork.Steps.ApiSteps.TesteAPISteps.DadoQueEuUseABaseURL(String p0) in C:\Users\wncg\source\Specflow\FrameWork_Core\FrameWork\Steps\ApiSteps\ApiSteps.cs:line 47
   at TechTalk.SpecFlow.Bindings.BindingInvoker.InvokeBinding(IBinding binding, IContextManager contextManager, Object[] arguments, ITestTracer testTracer, TimeSpan& duration) in D:\a\1\s\TechTalk.SpecFlow\Bindings\BindingInvoker.cs:line 69
   at TechTalk.SpecFlow.Infrastructure.TestExecutionEngine.ExecuteStepMatch(BindingMatch match, Object[] arguments) in D:\a\1\s\TechTalk.SpecFlow\Infrastructure\TestExecutionEngine.cs:line 421
   at TechTalk.SpecFlow.Infrastructure.TestExecutionEngine.ExecuteStep(IContextManager contextManager, StepInstance stepInstance) in D:\a\1\s\TechTalk.SpecFlow\Infrastructure\TestExecutionEngine.cs:line 342r
≠‹ÏÈ¸€áãSpecFlow6*4
$6ba6c422-9df2-4ff5-be37-55c6f4c9bf3c≠‹ÏÈ‘º§»¡Bæ
$6ba6c422-9df2-4ff5-be37-55c6f4c9bf3c∞‹ÏÈƒ˜˝KàÉSystem.NullReferenceException: Object reference not set to an instance of an object.
   at FrameWork.Steps.ApiSteps.TesteAPISteps.DadoQueEuUseABaseURL(String p0) in C:\Users\wncg\source\Specflow\FrameWork_Core\FrameWork\Steps\ApiSteps\ApiSteps.cs:line 47
   at TechTalk.SpecFlow.Bindings.BindingInvoker.InvokeBinding(IBinding binding, IContextManager contextManager, Object[] arguments, ITestTracer testTracer, TimeSpan& duration) in D:\a\1\s\TechTalk.SpecFlow\Bindings\BindingInvoker.cs:line 69
   at TechTalk.SpecFlow.Infrastructure.TestExecutionEngine.ExecuteStepMatch(BindingMatch match, Object[] arguments) in D:\a\1\s\TechTalk.SpecFlow\Infrastructure\TestExecutionEngine.cs:line 421
   at TechTalk.SpecFlow.Infrastructure.TestExecutionEngine.ExecuteStep(IContextManager contextManager, StepInstance stepInstance) in D:\a\1\s\TechTalk.SpecFlow\Infrastructure\TestExecutionEngine.cs:line 342r
∑›ÏÈ§—¸∏SpecFlow5*3
$1fb6534e-41a5-4441-8f78-8bfca5474ad2∏›ÏÈ¯‡·¬Bø
$1fb6534e-41a5-4441-8f78-8bfca5474ad2∫›ÏÈ∞ê¶úàÉSystem.NullReferenceException: Object reference not set to an instance of an object.
   at FrameWork.Steps.ApiSteps.TesteAPISteps.DadoQueEuUseABaseURL(String p0) in C:\Users\wncg\source\Specflow\FrameWork_Core\FrameWork\Steps\ApiSteps\ApiSteps.cs:line 47
   at TechTalk.SpecFlow.Bindings.BindingInvoker.InvokeBinding(IBinding binding, IContextManager contextManager, Object[] arguments, ITestTracer testTracer, TimeSpan& duration) in D:\a\1\s\TechTalk.SpecFlow\Bindings\BindingInvoker.cs:line 69
   at TechTalk.SpecFlow.Infrastructure.TestExecutionEngine.ExecuteStepMatch(BindingMatch match, Object[] arguments) in D:\a\1\s\TechTalk.SpecFlow\Infrastructure\TestExecutionEngine.cs:line 421
   at TechTalk.SpecFlow.Infrastructure.TestExecutionEngine.ExecuteStep(IContextManager contextManager, StepInstance stepInstance) in D:\a\1\s\TechTalk.SpecFlow\Infrastructure\TestExecutionEngine.cs:line 342r
¿ﬁÏÈ¿Ñó.SpecFlow6*4
$06e0f33a-e159-4db4-8885-c958092cbda3¿ﬁÏÈºöó¬Bø
$06e0f33a-e159-4db4-8885-c958092cbda3ÏﬁÏÈÙ∞«ÑàÉSystem.NullReferenceException: Object reference not set to an instance of an object.
   at FrameWork.Steps.ApiSteps.TesteAPISteps.DadoQueEuUseABaseURL(String p0) in C:\Users\wncg\source\Specflow\FrameWork_Core\FrameWork\Steps\ApiSteps\ApiSteps.cs:line 47
   at TechTalk.SpecFlow.Bindings.BindingInvoker.InvokeBinding(IBinding binding, IContextManager contextManager, Object[] arguments, ITestTracer testTracer, TimeSpan& duration) in D:\a\1\s\TechTalk.SpecFlow\Bindings\BindingInvoker.cs:line 69
   at TechTalk.SpecFlow.Infrastructure.TestExecutionEngine.ExecuteStepMatch(BindingMatch match, Object[] arguments) in D:\a\1\s\TechTalk.SpecFlow\Infrastructure\TestExecutionEngine.cs:line 421
   at TechTalk.SpecFlow.Infrastructure.TestExecutionEngine.ExecuteStep(IContextManager contextManager, StepInstance stepInstance) in D:\a\1\s\TechTalk.SpecFlow\Infrastructure\TestExecutionEngine.cs:line 342r
¿ﬂÏÈ–≥ßòSpecFlow5*3
$573e7e3e-4273-42a7-b4fd-8e079268d449¡ﬂÏÈ‡¿˚Ar
˚ﬂÏÈ–†≥ıSpecFlow6*4
$1f24043b-9705-4cb4-8b88-c3105a53ab04˚ﬂÏÈÏÂ©År
¬ËÏÈ¯äúíSpecFlow6*4
$7c765bb9-1c27-4af8-b0a6-13410425f2af¬ËÏÈ¨’Ãæ:B8
$7c765bb9-1c27-4af8-b0a6-13410425f2af∆ËÏÈ§∞òïr
›ÍÏÈº£çôSpecFlow5*3
$763673e6-471d-498c-b2c0-bd2cde4d007cﬁÍÏÈ¨À‰9B7
$763673e6-471d-498c-b2c0-bd2cde4d007c·ÍÏÈ‘Ñ¶r
üÚÏÈ¥ ÕOSpecFlow6*4
$e778c0ba-1525-448a-9404-f1a46a54b45cüÚÏÈ∞Ñ‘Ÿ9B7
$e778c0ba-1525-448a-9404-f1a46a54b45c¢ÚÏÈ∏ÖÅUr
Û¢ÌÈ¯Ã§§SpecFlow6*4
$94191b96-abe6-47f8-a594-2a9921073bd6Û¢ÌÈêÒ°‡:B8
$94191b96-abe6-47f8-a594-2a9921073bd6à£ÌÈÄŒ⁄Är
Æ∂ÌÈÃ¨Ø/SpecFlow6*4
$670081d8-76be-425a-b5b5-9c2df6acbe3dÆ∂ÌÈ¸¯˚ß:B8
$670081d8-76be-425a-b5b5-9c2df6acbe3d≥∂ÌÈ∞îü©r
Ú∂ÌÈÏòâœSpecFlow6*4
$ec6a6c39-abb7-462b-a404-23653886c053Ú∂ÌÈ––óíŒ
BÀ

$ec6a6c39-abb7-462b-a404-23653886c053˜∂ÌÈ®ûº◊î
è
Newtonsoft.Json.JsonReaderException: Unexpected character encountered while parsing value: <. Path '', line 2, position 4.
   at Newtonsoft.Json.JsonTextReader.ParseValue()
   at Newtonsoft.Json.Linq.JToken.ReadFrom(JsonReader reader, JsonLoadSettings settings)
   at Newtonsoft.Json.Linq.JToken.Parse(String json, JsonLoadSettings settings)
   at FrameWork.Page.Page_Object._ReturnCode(Int32 p0) in C:\Users\wncg\source\Specflow\FrameWork_Core\FrameWork\Page\Page.cs:line 91
   at FrameWork.Steps.ApiSteps.TesteAPISteps.EntaoRetornoDeveraSer(Int32 p0) in C:\Users\wncg\source\Specflow\FrameWork_Core\FrameWork\Steps\ApiSteps\ApiSteps.cs:line 240
   at TechTalk.SpecFlow.Bindings.BindingInvoker.InvokeBinding(IBinding binding, IContextManager contextManager, Object[] arguments, ITestTracer testTracer, TimeSpan& duration) in D:\a\1\s\TechTalk.SpecFlow\Bindings\BindingInvoker.cs:line 69
   at TechTalk.SpecFlow.Infrastructure.TestExecutionEngine.ExecuteStepMatch(BindingMatch match, Object[] arguments) in D:\a\1\s\TechTalk.SpecFlow\Infrastructure\TestExecutionEngine.cs:line 421
   at TechTalk.SpecFlow.Infrastructure.TestExecutionEngine.ExecuteStep(IContextManager contextManager, StepInstance stepInstance) in D:\a\1\s\TechTalk.SpecFlow\Infrastructure\TestExecutionEngine.cs:line 342r
Ø∑ÌÈ®–À<SpecFlow5*3
$bd31f274-a988-4c19-a260-acb6fc4aa2a0Ø∑ÌÈòçÕz9B7
$bd31f274-a988-4c19-a260-acb6fc4aa2a0≥∑ÌÈÑô◊,r
‚∏ÌÈÄÇ„rSpecFlow6*4
$cb1d521e-f187-43de-bea9-b9f4f550238e‚∏ÌÈ∞Ÿ¶∏:B8
$cb1d521e-f187-43de-bea9-b9f4f550238eÂ∏ÌÈ†Ààır
‡πÌÈ¨µœSpecFlow6*4
$2bb05c1e-8764-4527-9345-9994e26e2305‡πÌÈ–Ì…å:B8
$2bb05c1e-8764-4527-9345-9994e26e2305„πÌÈ¯û∏¢r
ìºÌÈÃÄéÆSpecFlow6*4
$91b2631f-7c3c-48e9-9a30-47800368c456ìºÌÈ‹≈◊Í:B8
$91b2631f-7c3c-48e9-9a30-47800368c456ñºÌÈ¯öêîr
ÇøÌÈ–ÍÔrSpecFlow6*4
$87b77e86-613f-435d-9d67-909f600b2268ÇøÌÈ‘¸Äﬁr
âøÌÈ§“•SpecFlow5*3
$5acbbcfa-61b0-4a2f-b3d5-7a95039d8617âøÌÈî±∆Y:B8
$5acbbcfa-61b0-4a2f-b3d5-7a95039d8617åøÌÈÏñÂær
¡¬ÌÈúæÃ3SpecFlow5*3
$c3efdd0d-8cf0-448d-a58b-6e0ccb510027¡¬ÌÈîªøvü
Bú

$c3efdd0d-8cf0-448d-a58b-6e0ccb510027≈¬ÌÈòƒêYÊ	·	NUnit.Framework.AssertionException:   Expected string length 4 but was 5. Strings differ at index 0.
  Expected: "{12}"
  But was:  "batel"
  -----------^

   at NUnit.Framework.Assert.ReportFailure(String message) in D:\a\1\s\src\NUnitFramework\framework\Assert.cs:line 394
   at NUnit.Framework.Assert.AreEqual(Object expected, Object actual) in D:\a\1\s\src\NUnitFramework\framework\Assert.Equality.cs:line 129
   at FrameWork.Steps.ApiSteps.TesteAPISteps.ThenComparoSeESaoIguais(String p0, String p1) in C:\Users\wncg\source\Specflow\FrameWork_Core\FrameWork\Steps\ApiSteps\ApiSteps.cs:line 298
   at TechTalk.SpecFlow.Bindings.BindingInvoker.InvokeBinding(IBinding binding, IContextManager contextManager, Object[] arguments, ITestTracer testTracer, TimeSpan& duration) in D:\a\1\s\TechTalk.SpecFlow\Bindings\BindingInvoker.cs:line 69
   at TechTalk.SpecFlow.Infrastructure.TestExecutionEngine.ExecuteStepMatch(BindingMatch match, Object[] arguments) in D:\a\1\s\TechTalk.SpecFlow\Infrastructure\TestExecutionEngine.cs:line 421
   at TechTalk.SpecFlow.Infrastructure.TestExecutionEngine.ExecuteStep(IContextManager contextManager, StepInstance stepInstance) in D:\a\1\s\TechTalk.SpecFlow\Infrastructure\TestExecutionEngine.cs:line 342r
†ƒÌÈº∞˛ÀSpecFlow6*4
$203af487-9e0b-4a93-9139-4d3e392bf74b†ƒÌÈ»è‹Ü†
Bù

$203af487-9e0b-4a93-9139-4d3e392bf74b§ƒÌÈÿë“ƒÊ	·	NUnit.Framework.AssertionException:   Expected string length 4 but was 5. Strings differ at index 0.
  Expected: "{12}"
  But was:  "batel"
  -----------^

   at NUnit.Framework.Assert.ReportFailure(String message) in D:\a\1\s\src\NUnitFramework\framework\Assert.cs:line 394
   at NUnit.Framework.Assert.AreEqual(Object expected, Object actual) in D:\a\1\s\src\NUnitFramework\framework\Assert.Equality.cs:line 129
   at FrameWork.Steps.ApiSteps.TesteAPISteps.ThenComparoSeESaoIguais(String p0, String p1) in C:\Users\wncg\source\Specflow\FrameWork_Core\FrameWork\Steps\ApiSteps\ApiSteps.cs:line 298
   at TechTalk.SpecFlow.Bindings.BindingInvoker.InvokeBinding(IBinding binding, IContextManager contextManager, Object[] arguments, ITestTracer testTracer, TimeSpan& duration) in D:\a\1\s\TechTalk.SpecFlow\Bindings\BindingInvoker.cs:line 69
   at TechTalk.SpecFlow.Infrastructure.TestExecutionEngine.ExecuteStepMatch(BindingMatch match, Object[] arguments) in D:\a\1\s\TechTalk.SpecFlow\Infrastructure\TestExecutionEngine.cs:line 421
   at TechTalk.SpecFlow.Infrastructure.TestExecutionEngine.ExecuteStep(IContextManager contextManager, StepInstance stepInstance) in D:\a\1\s\TechTalk.SpecFlow\Infrastructure\TestExecutionEngine.cs:line 342r
π≈ÌÈÃ≤Û9SpecFlow5*3
$6ed6524a-8f43-40b1-a8e6-53c7201fbceaπ≈ÌÈÙî‚y®B•
$6ed6524a-8f43-40b1-a8e6-53c7201fbceaΩ≈ÌÈò„ ,Ô
Í
NUnit.Framework.AssertionException:   String lengths are both 5. Strings differ at index 0.
  Expected: "Batel"
  But was:  "batel"
  -----------^

   at NUnit.Framework.Assert.ReportFailure(String message) in D:\a\1\s\src\NUnitFramework\framework\Assert.cs:line 394
   at NUnit.Framework.Assert.AreEqual(Object expected, Object actual) in D:\a\1\s\src\NUnitFramework\framework\Assert.Equality.cs:line 129
   at FrameWork.Page.Page_Object._Compara(String p0, String p1) in C:\Users\wncg\source\Specflow\FrameWork_Core\FrameWork\Page\Page.cs:line 167
   at FrameWork.Steps.ApiSteps.TesteAPISteps.ThenComparoSeESaoIguais(String p0, String p1) in C:\Users\wncg\source\Specflow\FrameWork_Core\FrameWork\Steps\ApiSteps\ApiSteps.cs:line 288
   at TechTalk.SpecFlow.Bindings.BindingInvoker.InvokeBinding(IBinding binding, IContextManager contextManager, Object[] arguments, ITestTracer testTracer, TimeSpan& duration) in D:\a\1\s\TechTalk.SpecFlow\Bindings\BindingInvoker.cs:line 69
   at TechTalk.SpecFlow.Infrastructure.TestExecutionEngine.ExecuteStepMatch(BindingMatch match, Object[] arguments) in D:\a\1\s\TechTalk.SpecFlow\Infrastructure\TestExecutionEngine.cs:line 421
   at TechTalk.SpecFlow.Infrastructure.TestExecutionEngine.ExecuteStep(IContextManager contextManager, StepInstance stepInstance) in D:\a\1\s\TechTalk.SpecFlow\Infrastructure\TestExecutionEngine.cs:line 342r
ä∆ÌÈºä’#SpecFlow5*3
$ec28688e-0099-4d59-afc0-0d297c213aacä∆ÌÈ–˘º`©B¶
$ec28688e-0099-4d59-afc0-0d297c213aacé∆ÌÈú∂⁄»Ô
Í
NUnit.Framework.AssertionException:   String lengths are both 5. Strings differ at index 0.
  Expected: "Batel"
  But was:  "batel"
  -----------^

   at NUnit.Framework.Assert.ReportFailure(String message) in D:\a\1\s\src\NUnitFramework\framework\Assert.cs:line 394
   at NUnit.Framework.Assert.AreEqual(Object expected, Object actual) in D:\a\1\s\src\NUnitFramework\framework\Assert.Equality.cs:line 129
   at FrameWork.Page.Page_Object._Compara(String p0, String p1) in C:\Users\wncg\source\Specflow\FrameWork_Core\FrameWork\Page\Page.cs:line 167
   at FrameWork.Steps.ApiSteps.TesteAPISteps.ThenComparoSeESaoIguais(String p0, String p1) in C:\Users\wncg\source\Specflow\FrameWork_Core\FrameWork\Steps\ApiSteps\ApiSteps.cs:line 288
   at TechTalk.SpecFlow.Bindings.BindingInvoker.InvokeBinding(IBinding binding, IContextManager contextManager, Object[] arguments, ITestTracer testTracer, TimeSpan& duration) in D:\a\1\s\TechTalk.SpecFlow\Bindings\BindingInvoker.cs:line 69
   at TechTalk.SpecFlow.Infrastructure.TestExecutionEngine.ExecuteStepMatch(BindingMatch match, Object[] arguments) in D:\a\1\s\TechTalk.SpecFlow\Infrastructure\TestExecutionEngine.cs:line 421
   at TechTalk.SpecFlow.Infrastructure.TestExecutionEngine.ExecuteStep(IContextManager contextManager, StepInstance stepInstance) in D:\a\1\s\TechTalk.SpecFlow\Infrastructure\TestExecutionEngine.cs:line 342r
€∆ÌÈÙ˚î7SpecFlow5*3
$de61e7c9-6d96-471c-bcce-b6954926de21€∆ÌÈ» Ôt:B8
$de61e7c9-6d96-471c-bcce-b6954926de21ﬂ∆ÌÈå√ùœr
Ó∆ÌÈ‰˚ÜëSpecFlow5*3
$8e5d0fee-adcc-40cf-be1c-f89911d573f5Ô∆ÌÈ§ä˘#©B¶
$8e5d0fee-adcc-40cf-be1c-f89911d573f5Û∆ÌÈ‘Ç™¶Ô
Í
NUnit.Framework.AssertionException:   String lengths are both 5. Strings differ at index 0.
  Expected: "Batel"
  But was:  "batel"
  -----------^

   at NUnit.Framework.Assert.ReportFailure(String message) in D:\a\1\s\src\NUnitFramework\framework\Assert.cs:line 394
   at NUnit.Framework.Assert.AreEqual(Object expected, Object actual) in D:\a\1\s\src\NUnitFramework\framework\Assert.Equality.cs:line 129
   at FrameWork.Page.Page_Object._Compara(String p0, String p1) in C:\Users\wncg\source\Specflow\FrameWork_Core\FrameWork\Page\Page.cs:line 166
   at FrameWork.Steps.ApiSteps.TesteAPISteps.ThenComparoSeESaoIguais(String p0, String p1) in C:\Users\wncg\source\Specflow\FrameWork_Core\FrameWork\Steps\ApiSteps\ApiSteps.cs:line 288
   at TechTalk.SpecFlow.Bindings.BindingInvoker.InvokeBinding(IBinding binding, IContextManager contextManager, Object[] arguments, ITestTracer testTracer, TimeSpan& duration) in D:\a\1\s\TechTalk.SpecFlow\Bindings\BindingInvoker.cs:line 69
   at TechTalk.SpecFlow.Infrastructure.TestExecutionEngine.ExecuteStepMatch(BindingMatch match, Object[] arguments) in D:\a\1\s\TechTalk.SpecFlow\Infrastructure\TestExecutionEngine.cs:line 421
   at TechTalk.SpecFlow.Infrastructure.TestExecutionEngine.ExecuteStep(IContextManager contextManager, StepInstance stepInstance) in D:\a\1\s\TechTalk.SpecFlow\Infrastructure\TestExecutionEngine.cs:line 342r
ù«ÌÈ†ÔﬁËSpecFlow6*4
$8fcf945d-a742-419c-bbfe-1542dfbe7fe4ù«ÌÈ†» •®B•
$8fcf945d-a742-419c-bbfe-1542dfbe7fe4°«ÌÈê⁄ÚEÔ
Í
NUnit.Framework.AssertionException:   String lengths are both 5. Strings differ at index 0.
  Expected: "Batel"
  But was:  "batel"
  -----------^

   at NUnit.Framework.Assert.ReportFailure(String message) in D:\a\1\s\src\NUnitFramework\framework\Assert.cs:line 394
   at NUnit.Framework.Assert.AreEqual(Object expected, Object actual) in D:\a\1\s\src\NUnitFramework\framework\Assert.Equality.cs:line 129
   at FrameWork.Page.Page_Object._Compara(String p0, String p1) in C:\Users\wncg\source\Specflow\FrameWork_Core\FrameWork\Page\Page.cs:line 166
   at FrameWork.Steps.ApiSteps.TesteAPISteps.ThenComparoSeESaoIguais(String p0, String p1) in C:\Users\wncg\source\Specflow\FrameWork_Core\FrameWork\Steps\ApiSteps\ApiSteps.cs:line 288
   at TechTalk.SpecFlow.Bindings.BindingInvoker.InvokeBinding(IBinding binding, IContextManager contextManager, Object[] arguments, ITestTracer testTracer, TimeSpan& duration) in D:\a\1\s\TechTalk.SpecFlow\Bindings\BindingInvoker.cs:line 69
   at TechTalk.SpecFlow.Infrastructure.TestExecutionEngine.ExecuteStepMatch(BindingMatch match, Object[] arguments) in D:\a\1\s\TechTalk.SpecFlow\Infrastructure\TestExecutionEngine.cs:line 421
   at TechTalk.SpecFlow.Infrastructure.TestExecutionEngine.ExecuteStep(IContextManager contextManager, StepInstance stepInstance) in D:\a\1\s\TechTalk.SpecFlow\Infrastructure\TestExecutionEngine.cs:line 342r
»«ÌÈ¯ô‹ëSpecFlow5*3
$09f7c466-64e0-419a-b33d-1ee63c231935…«ÌÈòƒŸ9B7
$09f7c466-64e0-419a-b33d-1ee63c231935Õ«ÌÈ‹æœ]r
…»ÌÈƒÇ°MSpecFlow6*4
$934943a9-0b74-431b-8fc1-a21bd05031a5…»ÌÈÙﬁ‹â:B8
$934943a9-0b74-431b-8fc1-a21bd05031a5Õ»ÌÈÃı¸πr
â…ÌÈÃç¯åSpecFlow6*4
$3ece7ca0-b99b-4a85-890e-90488db6c933â…ÌÈ–ì∂…:B8
$3ece7ca0-b99b-4a85-890e-90488db6c933å…ÌÈà»ﬁÜr
∞…ÌÈ»∏‘ SpecFlow6*4
$ab530f71-b428-4572-a08e-bccb42c79aa6∞…ÌÈ§Ÿ¨á9B7
$ab530f71-b428-4572-a08e-bccb42c79aa6¥…ÌÈúø‚?r
ÛœÌÈ†ãÍìSpecFlow5*3
$177753f7-4645-4f92-8361-cf01025ae1bbÙœÌÈ‡ä∫:B8
$177753f7-4645-4f92-8361-cf01025ae1bb˜œÌÈê„‚r
∫–ÌÈ»ä˝ˆSpecFlow5*3
$db273f51-725e-4058-9fc3-d695ddc567bdª–ÌÈú¸ß%∏Bµ
$db273f51-725e-4058-9fc3-d695ddc567bdø–ÌÈ¨ÄøÑ˛
˘
NUnit.Framework.AssertionException:   Expected string length 4 but was 5. Strings differ at index 0.
  Expected: "{12}"
  But was:  "Batel"
  -----------^

   at NUnit.Framework.Assert.ReportFailure(String message) in D:\a\1\s\src\NUnitFramework\framework\Assert.cs:line 394
   at NUnit.Framework.Assert.AreEqual(Object expected, Object actual) in D:\a\1\s\src\NUnitFramework\framework\Assert.Equality.cs:line 129
   at FrameWork.Page.Page_Object._ComparaSeIgual(String p0, String p1) in C:\Users\wncg\source\Specflow\FrameWork_Core\FrameWork\Page\Page.cs:line 205
   at FrameWork.Steps.ApiSteps.TesteAPISteps.ThenComparoSeESaoIguais(String p0, String p1) in C:\Users\wncg\source\Specflow\FrameWork_Core\FrameWork\Steps\ApiSteps\ApiSteps.cs:line 274
   at TechTalk.SpecFlow.Bindings.BindingInvoker.InvokeBinding(IBinding binding, IContextManager contextManager, Object[] arguments, ITestTracer testTracer, TimeSpan& duration) in D:\a\1\s\TechTalk.SpecFlow\Bindings\BindingInvoker.cs:line 69
   at TechTalk.SpecFlow.Infrastructure.TestExecutionEngine.ExecuteStepMatch(BindingMatch match, Object[] arguments) in D:\a\1\s\TechTalk.SpecFlow\Infrastructure\TestExecutionEngine.cs:line 421
   at TechTalk.SpecFlow.Infrastructure.TestExecutionEngine.ExecuteStep(IContextManager contextManager, StepInstance stepInstance) in D:\a\1\s\TechTalk.SpecFlow\Infrastructure\TestExecutionEngine.cs:line 342r
Ñ—ÌÈåÙÑ‡SpecFlow6*4
$5e2193db-fc8f-4abf-ab14-50436a28e0bdÑ—ÌÈ‹Æ“†9B7
$5e2193db-fc8f-4abf-ab14-50436a28e0bdà—ÌÈ‰¡$r
‹à˝Èò¸SpecFlow6*4
$7affe14c-beaf-4fd0-9d3e-1d17d8234343‹à˝È‘˜£:B8
$7affe14c-beaf-4fd0-9d3e-1d17d8234343‰à˝Èîâ“ır
Ùã˝È†‹π˘SpecFlow6*4
$4b942215-67d1-427d-ab70-d7cc7f6a0484Ùã˝ÈƒÙÏØ:B8
$4b942215-67d1-427d-ab70-d7cc7f6a0484ıã˝È¥ñåúr
∏é˝È¸µ£óSpecFlow6*4
$2ee13cf8-40a7-4a61-848d-811fe7aaf312∏é˝È‘˝˜“≥B∞
$2ee13cf8-40a7-4a61-848d-811fe7aaf312∫é˝È¿∂†D˙ıNo matching step definition found for one or more steps.
using System;
using TechTalk.SpecFlow;

namespace MyNamespace
{
    [Binding]
    public class StepDefinitions
    {
        [Given(@"Eu salvo '(.*)' com o valor '(.*)'entry-title'(.*)'N√£o use assertTrue para validar textos'(.*)'")]
        public void GivenEuSalvoComOValorEntry_TitleNaoUseAssertTrueParaValidarTextos(string textBox0, string p1, string p2, string p3)
        {
            ScenarioContext.Current.Pending();
        }
        
        [Given(@"Eu salvo '(.*)' com o valor '(.*)'Conclus√£o'(.*)'")]
        public void GivenEuSalvoComOValorConclusao(string msg0, string p1, string p2)
        {
            ScenarioContext.Current.Pending();
        }
    }
}
6*4
$9adc9dee-afa4-4343-b7e5-f23a93a0c150∫é˝È¥ç∑ùÃB…
$9adc9dee-afa4-4343-b7e5-f23a93a0c150∫é˝ÈÃ’í¶íçNo matching step definition found for one or more steps.
using System;
using TechTalk.SpecFlow;

namespace MyNamespace
{
    [Binding]
    public class StepDefinitions
    {
        [Given(@"que acesso a pagina '(.*)'")]
        public void GivenQueAcessoAPagina(string p0)
        {
            ScenarioContext.Current.Pending();
        }
        
        [When(@"clico em '(.*)'")]
        public void WhenClicoEm(string p0)
        {
            ScenarioContext.Current.Pending();
        }
    }
}
r
–≈ÜÍ¿≥‚ák*i
$2136fbdd-21b7-4cca-a574-9d6e4f067270–≈ÜÍ¨˘Íó3
SpecFlow3.1Microsoft Windows 10.0.17134 "X649B7
$2136fbdd-21b7-4cca-a574-9d6e4f067270“≈ÜÍ§Âôr
ÜÃÜÍåÜ°´k*i
$db6b3ccc-1040-4b55-9c30-c0013c39b683ÜÃÜÍêõÿ3
SpecFlow3.1Microsoft Windows 10.0.17134 "X64:B8
$db6b3ccc-1040-4b55-9c30-c0013c39b683äÃÜÍË¶Õök*i
$6dde42cd-682b-4df9-86c3-277343e913bbãÃÜÍ¸‰◊Á3
SpecFlow3.1Microsoft Windows 10.0.17134 "X64r
Ë◊ÜÍúÀ¨’k*i
$8349ed18-2079-41a5-a424-a4dcaf6b4bc6Ë◊ÜÍ∞ë‡ô3
SpecFlow3.1Microsoft Windows 10.0.17134 "X649B7
$8349ed18-2079-41a5-a424-a4dcaf6b4bc6Î◊ÜÍîä˙j*h
$413ef888-76a3-4267-8c37-9f649e432eafÏ◊ÜÍƒ‚—\3
SpecFlow3.1Microsoft Windows 10.0.17134 "X64r
æ⁄ÜÍ∏Ïö¡k*i
$23513613-1c78-47b8-a7c7-3b502e919aa7æ⁄ÜÍ®å¶ä3
SpecFlow3.1Microsoft Windows 10.0.17134 "X64:B8
$23513613-1c78-47b8-a7c7-3b502e919aa7¬⁄ÜÍ‰Ö¥ˆk*i
$6f491e37-64de-4ca1-9e47-dfd6aa8e8b06√⁄ÜÍ∞¢èé3
SpecFlow3.1Microsoft Windows 10.0.17134 "X64r
ê€ÜÍîèıπj*h
$e55df3d7-a23d-4da8-96b5-dde8e6ad24f1ë€ÜÍƒ¨î#3
SpecFlow3.1Microsoft Windows 10.0.17134 "X64:B8
$e55df3d7-a23d-4da8-96b5-dde8e6ad24f1ï€ÜÍ¿ª”µk*i
$3340cf63-ac25-42b9-b4cb-1d1f0b8666cdñ€ÜÍº® ±3
SpecFlow3.1Microsoft Windows 10.0.17134 "X64j*h
$7dffa85d-adef-4dbf-820d-6a13bb1fb50dß€ÜÍ‹ÆÆg3
SpecFlow3.1Microsoft Windows 10.0.17134 "X64:B8
$7dffa85d-adef-4dbf-820d-6a13bb1fb50d™€ÜÍ‘Æô§r
º›ÜÍÄÉ∂Ìk*i
$cc47de5c-67e0-4a28-9ac7-c7a6bfd37d87º›ÜÍ»‘®±3
SpecFlow3.1Microsoft Windows 10.0.17134 "X64:B8
$cc47de5c-67e0-4a28-9ac7-c7a6bfd37d87ø›ÜÍà∂Àªk*i
$9cf0b1ed-e624-4440-888c-3fe9e60f8eaa¿›ÜÍÙÄ≤à3
SpecFlow3.1Microsoft Windows 10.0.17134 "X64r
§ﬁÜÍàÏ’”k*i
$5384104e-562b-468f-b5f2-584cb84ccff4§ﬁÜÍ»¡∫ª3
SpecFlow3.1Microsoft Windows 10.0.17134 "X64:B8
$5384104e-562b-468f-b5f2-584cb84ccff4®ﬁÜÍê‚ê¯j*h
$b2ce2f46-8a26-4d77-8afc-45c92d0e8644©ﬁÜÍº¡Ûi3
SpecFlow3.1Microsoft Windows 10.0.17134 "X64r
ﬁÜÍõ¢’k*i
$d941713e-4bf8-4790-89de-3dc45ce449e2ﬁÜÍÑ¶Àá3
SpecFlow3.1Microsoft Windows 10.0.17134 "X64:B8
$d941713e-4bf8-4790-89de-3dc45ce449e2ÛﬁÜÍ¥¢å’j*h
$38db275a-2958-45f3-aa12-09636e044eceıﬁÜÍ∂ü3
SpecFlow3.1Microsoft Windows 10.0.17134 "X64r
Ñ‡ÜÍò…≠∆k*i
$9395a905-27d3-41fa-94c1-0144f086b54dÑ‡ÜÍ»˚»â3
SpecFlow3.1Microsoft Windows 10.0.17134 "X64:B8
$9395a905-27d3-41fa-94c1-0144f086b54dà‡ÜÍÄ°î≠k*i
$05494960-fe3f-42f1-9474-4876dd3cc159â‡ÜÍú·π—3
SpecFlow3.1Microsoft Windows 10.0.17134 "X649B7
$05494960-fe3f-42f1-9474-4876dd3cc159î‡ÜÍ‹áír
’·ÜÍàÅ≈ôj*h
$cd41155d-5b36-456f-9510-c5bcdbf2e975÷·ÜÍ‘•√3
SpecFlow3.1Microsoft Windows 10.0.17134 "X64:B8
$cd41155d-5b36-456f-9510-c5bcdbf2e975ÿ·ÜÍ¿‚≠»j*h
$9c079fd4-69e0-4b86-956e-1553f00daa36⁄·ÜÍ¥ÇÑ3
SpecFlow3.1Microsoft Windows 10.0.17134 "X64:B8
$9c079fd4-69e0-4b86-956e-1553f00daa36··ÜÍêòàÚr
Ê‰ÜÍ¿ßö¸k*i
$b3d7314a-a5a5-459c-acc2-b509af9c4330Ê‰ÜÍîã§¡3
SpecFlow3.1Microsoft Windows 10.0.17134 "X64:B8
$b3d7314a-a5a5-459c-acc2-b509af9c4330È‰ÜÍ¸≈’±k*i
$d73f953c-e0cc-4fcc-b7a8-34bea8369f85Í‰ÜÍƒ˝Àº3
SpecFlow3.1Microsoft Windows 10.0.17134 "X649B7
$d73f953c-e0cc-4fcc-b7a8-34bea8369f85Ú‰ÜÍ¥ó’Rr
åÁÜÍÙ¡Ñûj*h
$b2200374-e615-48d9-b172-1b925e433b27çÁÜÍÄ«‚A3
SpecFlow3.1Microsoft Windows 10.0.17134 "X64:B8
$b2200374-e615-48d9-b172-1b925e433b27èÁÜÍ»Ò˝Åk*i
$e0206646-8b79-4729-91e8-3a353e9708a0êÁÜÍà¥∏’3
SpecFlow3.1Microsoft Windows 10.0.17134 "X64:B8
$e0206646-8b79-4729-91e8-3a353e9708a0öÁÜÍÿì»ºr
£ÍÜÍ®õÙˇk*i
$de8042ac-3bb6-4b2b-ab50-17c1dc69ecc5£ÍÜÍåËÚ≈3
SpecFlow3.1Microsoft Windows 10.0.17134 "X64:B8
$de8042ac-3bb6-4b2b-ab50-17c1dc69ecc5¶ÍÜÍêÙπ´k*i
$c567b827-2d26-4b79-89bb-a1938dcf8c65ßÍÜÍºıúÀ3
SpecFlow3.1Microsoft Windows 10.0.17134 "X649B7
$c567b827-2d26-4b79-89bb-a1938dcf8c65∞ÍÜÍ¸√ÿr
ÏÓÜÍËÎãºk*i
$8da739eb-a085-4e2a-b302-6c55be3b5837ÏÓÜÍ‰Ó‰Ñ3
SpecFlow3.1Microsoft Windows 10.0.17134 "X649B7
$8da739eb-a085-4e2a-b302-6c55be3b5837ÔÓÜÍƒöÅnk*i
$4fba3f16-d7e2-4e70-ab80-3e4fc582c834ÓÜÍ‡‹»◊3
SpecFlow3.1Microsoft Windows 10.0.17134 "X64